<?xml version="1.0" encoding="UTF-8" ?>
<testsuites>
  <testsuite failures="0" id="0" name="JUnitFormatter" package="cucumber.runtime.formatter" skipped="0" tests="1" time="0.163528">
    <testcase classname="secsuite" name="secsuitecase" time="0.163528">
      <system-out><![CDATA[* open page "hello".........................................................passed
* open page "hello".........................................................passed
* open page "hello".........................................................passed
]]></system-out>

    </testcase>

  </testsuite>
</testsuites>
